Analysis & Elaboration report for IITB_CPU
Wed Nov 30 22:52:41 2022
Quartus Prime Version 20.1.1 Build 720 11/11/2020 SJ Lite Edition


---------------------
; Table of Contents ;
---------------------
  1. Legal Notice
  2. Analysis & Elaboration Summary
  3. Parallel Compilation
  4. Analysis & Elaboration Settings
  5. Analysis & Elaboration Messages



----------------
; Legal Notice ;
----------------
Copyright (C) 2020  Intel Corporation. All rights reserved.
Your use of Intel Corporation's design tools, logic functions 
and other software and tools, and any partner logic 
functions, and any output files from any of the foregoing 
(including device programming or simulation files), and any 
associated documentation or information are expressly subject 
to the terms and conditions of the Intel Program License 
Subscription Agreement, the Intel Quartus Prime License Agreement,
the Intel FPGA IP License Agreement, or other applicable license
agreement, including, without limitation, that your use is for
the sole purpose of programming logic devices manufactured by
Intel and sold by Intel or its authorized distributors.  Please
refer to the applicable agreement for further details, at
https://fpgasoftware.intel.com/eula.



+----------------------------------------------------------------------------------+
; Analysis & Elaboration Summary                                                   ;
+------------------------------------+---------------------------------------------+
; Analysis & Elaboration Status      ; Successful - Wed Nov 30 22:52:41 2022       ;
; Quartus Prime Version              ; 20.1.1 Build 720 11/11/2020 SJ Lite Edition ;
; Revision Name                      ; IITB_CPU                                    ;
; Top-level Entity Name              ; DUT                                         ;
; Family                             ; MAX 10                                      ;
; Total logic elements               ; N/A until Partition Merge                   ;
;     Total combinational functions  ; N/A until Partition Merge                   ;
;     Dedicated logic registers      ; N/A until Partition Merge                   ;
; Total registers                    ; N/A until Partition Merge                   ;
; Total pins                         ; N/A until Partition Merge                   ;
; Total virtual pins                 ; N/A until Partition Merge                   ;
; Total memory bits                  ; N/A until Partition Merge                   ;
; Embedded Multiplier 9-bit elements ; N/A until Partition Merge                   ;
; Total PLLs                         ; N/A until Partition Merge                   ;
; UFM blocks                         ; N/A until Partition Merge                   ;
; ADC blocks                         ; N/A until Partition Merge                   ;
+------------------------------------+---------------------------------------------+


+------------------------------------------+
; Parallel Compilation                     ;
+----------------------------+-------------+
; Processors                 ; Number      ;
+----------------------------+-------------+
; Number detected on machine ; 16          ;
; Maximum allowed            ; 16          ;
;                            ;             ;
; Average used               ; 1.00        ;
; Maximum used               ; 1           ;
;                            ;             ;
; Usage by Processor         ; % Time Used ;
;     Processor 1            ; 100.0%      ;
+----------------------------+-------------+


+------------------------------------------------------------------------------------------------------------+
; Analysis & Elaboration Settings                                                                            ;
+------------------------------------------------------------------+--------------------+--------------------+
; Option                                                           ; Setting            ; Default Value      ;
+------------------------------------------------------------------+--------------------+--------------------+
; Device                                                           ; 10M08DAF484C8G     ;                    ;
; Top-level entity name                                            ; DUT                ; IITB_CPU           ;
; Family name                                                      ; MAX 10             ; Cyclone V          ;
; Use smart compilation                                            ; Off                ; Off                ;
; Enable parallel Assembler and Timing Analyzer during compilation ; On                 ; On                 ;
; Enable compact report table                                      ; Off                ; Off                ;
; Restructure Multiplexers                                         ; Auto               ; Auto               ;
; Create Debugging Nodes for IP Cores                              ; Off                ; Off                ;
; Preserve fewer node names                                        ; On                 ; On                 ;
; Intel FPGA IP Evaluation Mode                                    ; Enable             ; Enable             ;
; Verilog Version                                                  ; Verilog_2001       ; Verilog_2001       ;
; VHDL Version                                                     ; VHDL_1993          ; VHDL_1993          ;
; State Machine Processing                                         ; Auto               ; Auto               ;
; Safe State Machine                                               ; Off                ; Off                ;
; Extract Verilog State Machines                                   ; On                 ; On                 ;
; Extract VHDL State Machines                                      ; On                 ; On                 ;
; Ignore Verilog initial constructs                                ; Off                ; Off                ;
; Iteration limit for constant Verilog loops                       ; 5000               ; 5000               ;
; Iteration limit for non-constant Verilog loops                   ; 250                ; 250                ;
; Add Pass-Through Logic to Inferred RAMs                          ; On                 ; On                 ;
; Infer RAMs from Raw Logic                                        ; On                 ; On                 ;
; Parallel Synthesis                                               ; On                 ; On                 ;
; DSP Block Balancing                                              ; Auto               ; Auto               ;
; NOT Gate Push-Back                                               ; On                 ; On                 ;
; Power-Up Don't Care                                              ; On                 ; On                 ;
; Remove Redundant Logic Cells                                     ; Off                ; Off                ;
; Remove Duplicate Registers                                       ; On                 ; On                 ;
; Ignore CARRY Buffers                                             ; Off                ; Off                ;
; Ignore CASCADE Buffers                                           ; Off                ; Off                ;
; Ignore GLOBAL Buffers                                            ; Off                ; Off                ;
; Ignore ROW GLOBAL Buffers                                        ; Off                ; Off                ;
; Ignore LCELL Buffers                                             ; Off                ; Off                ;
; Ignore SOFT Buffers                                              ; On                 ; On                 ;
; Limit AHDL Integers to 32 Bits                                   ; Off                ; Off                ;
; Optimization Technique                                           ; Balanced           ; Balanced           ;
; Carry Chain Length                                               ; 70                 ; 70                 ;
; Auto Carry Chains                                                ; On                 ; On                 ;
; Auto Open-Drain Pins                                             ; On                 ; On                 ;
; Perform WYSIWYG Primitive Resynthesis                            ; Off                ; Off                ;
; Auto ROM Replacement                                             ; On                 ; On                 ;
; Auto RAM Replacement                                             ; On                 ; On                 ;
; Auto DSP Block Replacement                                       ; On                 ; On                 ;
; Auto Shift Register Replacement                                  ; Auto               ; Auto               ;
; Allow Shift Register Merging across Hierarchies                  ; Auto               ; Auto               ;
; Auto Clock Enable Replacement                                    ; On                 ; On                 ;
; Strict RAM Replacement                                           ; Off                ; Off                ;
; Allow Synchronous Control Signals                                ; On                 ; On                 ;
; Force Use of Synchronous Clear Signals                           ; Off                ; Off                ;
; Auto RAM Block Balancing                                         ; On                 ; On                 ;
; Auto RAM to Logic Cell Conversion                                ; Off                ; Off                ;
; Auto Resource Sharing                                            ; Off                ; Off                ;
; Allow Any RAM Size For Recognition                               ; Off                ; Off                ;
; Allow Any ROM Size For Recognition                               ; Off                ; Off                ;
; Allow Any Shift Register Size For Recognition                    ; Off                ; Off                ;
; Use LogicLock Constraints during Resource Balancing              ; On                 ; On                 ;
; Ignore translate_off and synthesis_off directives                ; Off                ; Off                ;
; Timing-Driven Synthesis                                          ; On                 ; On                 ;
; Report Parameter Settings                                        ; On                 ; On                 ;
; Report Source Assignments                                        ; On                 ; On                 ;
; Report Connectivity Checks                                       ; On                 ; On                 ;
; Ignore Maximum Fan-Out Assignments                               ; Off                ; Off                ;
; Synchronization Register Chain Length                            ; 2                  ; 2                  ;
; Power Optimization During Synthesis                              ; Normal compilation ; Normal compilation ;
; HDL message level                                                ; Level2             ; Level2             ;
; Suppress Register Optimization Related Messages                  ; Off                ; Off                ;
; Number of Removed Registers Reported in Synthesis Report         ; 5000               ; 5000               ;
; Number of Swept Nodes Reported in Synthesis Report               ; 5000               ; 5000               ;
; Number of Inverted Registers Reported in Synthesis Report        ; 100                ; 100                ;
; Clock MUX Protection                                             ; On                 ; On                 ;
; Auto Gated Clock Conversion                                      ; Off                ; Off                ;
; Block Design Naming                                              ; Auto               ; Auto               ;
; SDC constraint protection                                        ; Off                ; Off                ;
; Synthesis Effort                                                 ; Auto               ; Auto               ;
; Shift Register Replacement - Allow Asynchronous Clear Signal     ; On                 ; On                 ;
; Pre-Mapping Resynthesis Optimization                             ; Off                ; Off                ;
; Analysis & Synthesis Message Level                               ; Medium             ; Medium             ;
; Disable Register Merging Across Hierarchies                      ; Auto               ; Auto               ;
; Resource Aware Inference For Block RAM                           ; On                 ; On                 ;
+------------------------------------------------------------------+--------------------+--------------------+


+---------------------------------+
; Analysis & Elaboration Messages ;
+---------------------------------+
Info: *******************************************************************
Info: Running Quartus Prime Analysis & Elaboration
    Info: Version 20.1.1 Build 720 11/11/2020 SJ Lite Edition
    Info: Processing started: Wed Nov 30 22:52:29 2022
Info: Command: quartus_map --read_settings_files=on --write_settings_files=off IITB_CPU -c IITB_CPU --analysis_and_elaboration
Warning (18236): Number of processors has not been specified which may cause overloading on shared machines.  Set the global assignment NUM_PARALLEL_PROCESSORS in your QSF to an appropriate value for best performance.
Info (20030): Parallel compilation is enabled and will use 16 of the 16 processors detected
Info (12021): Found 2 design units, including 1 entities, in source file testbench.vhd
    Info (12022): Found design unit 1: Testbench-Behave File: C:/Users/anway/OneDrive/Desktop/IITB_CPU-main/Testbench.vhd Line: 9
    Info (12023): Found entity 1: Testbench File: C:/Users/anway/OneDrive/Desktop/IITB_CPU-main/Testbench.vhd Line: 7
Info (12021): Found 6 design units, including 3 entities, in source file se_rse.vhd
    Info (12022): Found design unit 1: SE6-BHV File: C:/Users/anway/OneDrive/Desktop/IITB_CPU-main/SE_RSE.vhd Line: 8
    Info (12022): Found design unit 2: SE9-BHV File: C:/Users/anway/OneDrive/Desktop/IITB_CPU-main/SE_RSE.vhd Line: 22
    Info (12022): Found design unit 3: RSE9-BHV File: C:/Users/anway/OneDrive/Desktop/IITB_CPU-main/SE_RSE.vhd Line: 36
    Info (12023): Found entity 1: SE6 File: C:/Users/anway/OneDrive/Desktop/IITB_CPU-main/SE_RSE.vhd Line: 4
    Info (12023): Found entity 2: SE9 File: C:/Users/anway/OneDrive/Desktop/IITB_CPU-main/SE_RSE.vhd Line: 18
    Info (12023): Found entity 3: RSE9 File: C:/Users/anway/OneDrive/Desktop/IITB_CPU-main/SE_RSE.vhd Line: 32
Info (12021): Found 2 design units, including 1 entities, in source file rf.vhd
    Info (12022): Found design unit 1: registers-behav File: C:/Users/anway/OneDrive/Desktop/IITB_CPU-main/RF.vhd Line: 17
    Info (12023): Found entity 1: registers File: C:/Users/anway/OneDrive/Desktop/IITB_CPU-main/RF.vhd Line: 5
Info (12021): Found 18 design units, including 9 entities, in source file mux_demux.vhd
    Info (12022): Found design unit 1: mux_2to1-bhv File: C:/Users/anway/OneDrive/Desktop/IITB_CPU-main/MUX_DEMUX.vhd Line: 15
    Info (12022): Found design unit 2: mux3_2to1-bhv File: C:/Users/anway/OneDrive/Desktop/IITB_CPU-main/MUX_DEMUX.vhd Line: 38
    Info (12022): Found design unit 3: mux_4to1-bhv File: C:/Users/anway/OneDrive/Desktop/IITB_CPU-main/MUX_DEMUX.vhd Line: 61
    Info (12022): Found design unit 4: mux3_4to1-bhv File: C:/Users/anway/OneDrive/Desktop/IITB_CPU-main/MUX_DEMUX.vhd Line: 89
    Info (12022): Found design unit 5: mux_3to1-bhv File: C:/Users/anway/OneDrive/Desktop/IITB_CPU-main/MUX_DEMUX.vhd Line: 116
    Info (12022): Found design unit 6: mux_8to1-bhv File: C:/Users/anway/OneDrive/Desktop/IITB_CPU-main/MUX_DEMUX.vhd Line: 141
    Info (12022): Found design unit 7: demux_1to2-bhv File: C:/Users/anway/OneDrive/Desktop/IITB_CPU-main/MUX_DEMUX.vhd Line: 180
    Info (12022): Found design unit 8: demux_1to4-bhv File: C:/Users/anway/OneDrive/Desktop/IITB_CPU-main/MUX_DEMUX.vhd Line: 202
    Info (12022): Found design unit 9: demux_1to8-bhv File: C:/Users/anway/OneDrive/Desktop/IITB_CPU-main/MUX_DEMUX.vhd Line: 229
    Info (12023): Found entity 1: mux_2to1 File: C:/Users/anway/OneDrive/Desktop/IITB_CPU-main/MUX_DEMUX.vhd Line: 10
    Info (12023): Found entity 2: mux3_2to1 File: C:/Users/anway/OneDrive/Desktop/IITB_CPU-main/MUX_DEMUX.vhd Line: 33
    Info (12023): Found entity 3: mux_4to1 File: C:/Users/anway/OneDrive/Desktop/IITB_CPU-main/MUX_DEMUX.vhd Line: 56
    Info (12023): Found entity 4: mux3_4to1 File: C:/Users/anway/OneDrive/Desktop/IITB_CPU-main/MUX_DEMUX.vhd Line: 84
    Info (12023): Found entity 5: mux_3to1 File: C:/Users/anway/OneDrive/Desktop/IITB_CPU-main/MUX_DEMUX.vhd Line: 111
    Info (12023): Found entity 6: mux_8to1 File: C:/Users/anway/OneDrive/Desktop/IITB_CPU-main/MUX_DEMUX.vhd Line: 136
    Info (12023): Found entity 7: demux_1to2 File: C:/Users/anway/OneDrive/Desktop/IITB_CPU-main/MUX_DEMUX.vhd Line: 175
    Info (12023): Found entity 8: demux_1to4 File: C:/Users/anway/OneDrive/Desktop/IITB_CPU-main/MUX_DEMUX.vhd Line: 197
    Info (12023): Found entity 9: demux_1to8 File: C:/Users/anway/OneDrive/Desktop/IITB_CPU-main/MUX_DEMUX.vhd Line: 224
Info (12021): Found 2 design units, including 1 entities, in source file memory.vhd
    Info (12022): Found design unit 1: mem-behav File: C:/Users/anway/OneDrive/Desktop/IITB_CPU-main/Memory.vhd Line: 15
    Info (12023): Found entity 1: mem File: C:/Users/anway/OneDrive/Desktop/IITB_CPU-main/Memory.vhd Line: 5
Info (12021): Found 2 design units, including 1 entities, in source file iitb_cpu.vhd
    Info (12022): Found design unit 1: IITB_CPU-ach File: C:/Users/anway/OneDrive/Desktop/IITB_CPU-main/IITB_CPU.vhd Line: 10
    Info (12023): Found entity 1: IITB_CPU File: C:/Users/anway/OneDrive/Desktop/IITB_CPU-main/IITB_CPU.vhd Line: 5
Info (12021): Found 2 design units, including 1 entities, in source file fsm.vhd
    Info (12022): Found design unit 1: fsm-bhv File: C:/Users/anway/OneDrive/Desktop/IITB_CPU-main/FSM.vhd Line: 15
    Info (12023): Found entity 1: fsm File: C:/Users/anway/OneDrive/Desktop/IITB_CPU-main/FSM.vhd Line: 6
Info (12021): Found 2 design units, including 1 entities, in source file dut.vhd
    Info (12022): Found design unit 1: DUT-DutWrap File: C:/Users/anway/OneDrive/Desktop/IITB_CPU-main/DUT.vhd Line: 12
    Info (12023): Found entity 1: DUT File: C:/Users/anway/OneDrive/Desktop/IITB_CPU-main/DUT.vhd Line: 7
Info (12021): Found 2 design units, including 1 entities, in source file cu.vhd
    Info (12022): Found design unit 1: CU-bhv File: C:/Users/anway/OneDrive/Desktop/IITB_CPU-main/CU.vhd Line: 11
    Info (12023): Found entity 1: CU File: C:/Users/anway/OneDrive/Desktop/IITB_CPU-main/CU.vhd Line: 5
Info (12021): Found 2 design units, including 1 entities, in source file alu.vhd
    Info (12022): Found design unit 1: alu-bhv File: C:/Users/anway/OneDrive/Desktop/IITB_CPU-main/ALU.vhd Line: 14
    Info (12023): Found entity 1: alu File: C:/Users/anway/OneDrive/Desktop/IITB_CPU-main/ALU.vhd Line: 5
Info (12127): Elaborating entity "DUT" for the top level hierarchy
Info (12128): Elaborating entity "IITB_CPU" for hierarchy "IITB_CPU:add_instance" File: C:/Users/anway/OneDrive/Desktop/IITB_CPU-main/DUT.vhd Line: 20
Warning (10492): VHDL Process Statement warning at IITB_CPU.vhd(168): signal "t1_wr" is read inside the Process Statement but isn't in the Process Statement's sensitivity list File: C:/Users/anway/OneDrive/Desktop/IITB_CPU-main/IITB_CPU.vhd Line: 168
Warning (10492): VHDL Process Statement warning at IITB_CPU.vhd(169): signal "mem_d0" is read inside the Process Statement but isn't in the Process Statement's sensitivity list File: C:/Users/anway/OneDrive/Desktop/IITB_CPU-main/IITB_CPU.vhd Line: 169
Warning (10492): VHDL Process Statement warning at IITB_CPU.vhd(173): signal "sig1" is read inside the Process Statement but isn't in the Process Statement's sensitivity list File: C:/Users/anway/OneDrive/Desktop/IITB_CPU-main/IITB_CPU.vhd Line: 173
Warning (10492): VHDL Process Statement warning at IITB_CPU.vhd(174): signal "sig8" is read inside the Process Statement but isn't in the Process Statement's sensitivity list File: C:/Users/anway/OneDrive/Desktop/IITB_CPU-main/IITB_CPU.vhd Line: 174
Warning (10492): VHDL Process Statement warning at IITB_CPU.vhd(176): signal "T3" is read inside the Process Statement but isn't in the Process Statement's sensitivity list File: C:/Users/anway/OneDrive/Desktop/IITB_CPU-main/IITB_CPU.vhd Line: 176
Warning (10631): VHDL Process Statement warning at IITB_CPU.vhd(166): inferring latch(es) for signal or variable "T1", which holds its previous value in one or more paths through the process File: C:/Users/anway/OneDrive/Desktop/IITB_CPU-main/IITB_CPU.vhd Line: 166
Info (10041): Inferred latch for "T1[0]" at IITB_CPU.vhd(166) File: C:/Users/anway/OneDrive/Desktop/IITB_CPU-main/IITB_CPU.vhd Line: 166
Info (10041): Inferred latch for "T1[1]" at IITB_CPU.vhd(166) File: C:/Users/anway/OneDrive/Desktop/IITB_CPU-main/IITB_CPU.vhd Line: 166
Info (10041): Inferred latch for "T1[2]" at IITB_CPU.vhd(166) File: C:/Users/anway/OneDrive/Desktop/IITB_CPU-main/IITB_CPU.vhd Line: 166
Info (10041): Inferred latch for "T1[3]" at IITB_CPU.vhd(166) File: C:/Users/anway/OneDrive/Desktop/IITB_CPU-main/IITB_CPU.vhd Line: 166
Info (10041): Inferred latch for "T1[4]" at IITB_CPU.vhd(166) File: C:/Users/anway/OneDrive/Desktop/IITB_CPU-main/IITB_CPU.vhd Line: 166
Info (10041): Inferred latch for "T1[5]" at IITB_CPU.vhd(166) File: C:/Users/anway/OneDrive/Desktop/IITB_CPU-main/IITB_CPU.vhd Line: 166
Info (10041): Inferred latch for "T1[6]" at IITB_CPU.vhd(166) File: C:/Users/anway/OneDrive/Desktop/IITB_CPU-main/IITB_CPU.vhd Line: 166
Info (10041): Inferred latch for "T1[7]" at IITB_CPU.vhd(166) File: C:/Users/anway/OneDrive/Desktop/IITB_CPU-main/IITB_CPU.vhd Line: 166
Info (10041): Inferred latch for "T1[8]" at IITB_CPU.vhd(166) File: C:/Users/anway/OneDrive/Desktop/IITB_CPU-main/IITB_CPU.vhd Line: 166
Info (10041): Inferred latch for "T1[9]" at IITB_CPU.vhd(166) File: C:/Users/anway/OneDrive/Desktop/IITB_CPU-main/IITB_CPU.vhd Line: 166
Info (10041): Inferred latch for "T1[10]" at IITB_CPU.vhd(166) File: C:/Users/anway/OneDrive/Desktop/IITB_CPU-main/IITB_CPU.vhd Line: 166
Info (10041): Inferred latch for "T1[11]" at IITB_CPU.vhd(166) File: C:/Users/anway/OneDrive/Desktop/IITB_CPU-main/IITB_CPU.vhd Line: 166
Info (10041): Inferred latch for "T1[12]" at IITB_CPU.vhd(166) File: C:/Users/anway/OneDrive/Desktop/IITB_CPU-main/IITB_CPU.vhd Line: 166
Info (10041): Inferred latch for "T1[13]" at IITB_CPU.vhd(166) File: C:/Users/anway/OneDrive/Desktop/IITB_CPU-main/IITB_CPU.vhd Line: 166
Info (10041): Inferred latch for "T1[14]" at IITB_CPU.vhd(166) File: C:/Users/anway/OneDrive/Desktop/IITB_CPU-main/IITB_CPU.vhd Line: 166
Info (10041): Inferred latch for "T1[15]" at IITB_CPU.vhd(166) File: C:/Users/anway/OneDrive/Desktop/IITB_CPU-main/IITB_CPU.vhd Line: 166
Info (12128): Elaborating entity "fsm" for hierarchy "IITB_CPU:add_instance|fsm:fsm1" File: C:/Users/anway/OneDrive/Desktop/IITB_CPU-main/IITB_CPU.vhd Line: 289
Warning (10492): VHDL Process Statement warning at FSM.vhd(46): signal "lsb" is read inside the Process Statement but isn't in the Process Statement's sensitivity list File: C:/Users/anway/OneDrive/Desktop/IITB_CPU-main/FSM.vhd Line: 46
Warning (10492): VHDL Process Statement warning at FSM.vhd(46): signal "carry" is read inside the Process Statement but isn't in the Process Statement's sensitivity list File: C:/Users/anway/OneDrive/Desktop/IITB_CPU-main/FSM.vhd Line: 46
Warning (10492): VHDL Process Statement warning at FSM.vhd(46): signal "zero" is read inside the Process Statement but isn't in the Process Statement's sensitivity list File: C:/Users/anway/OneDrive/Desktop/IITB_CPU-main/FSM.vhd Line: 46
Warning (10492): VHDL Process Statement warning at FSM.vhd(53): signal "zero" is read inside the Process Statement but isn't in the Process Statement's sensitivity list File: C:/Users/anway/OneDrive/Desktop/IITB_CPU-main/FSM.vhd Line: 53
Warning (10492): VHDL Process Statement warning at FSM.vhd(53): signal "c" is read inside the Process Statement but isn't in the Process Statement's sensitivity list File: C:/Users/anway/OneDrive/Desktop/IITB_CPU-main/FSM.vhd Line: 53
Warning (10492): VHDL Process Statement warning at FSM.vhd(57): signal "imm" is read inside the Process Statement but isn't in the Process Statement's sensitivity list File: C:/Users/anway/OneDrive/Desktop/IITB_CPU-main/FSM.vhd Line: 57
Warning (10492): VHDL Process Statement warning at FSM.vhd(57): signal "c" is read inside the Process Statement but isn't in the Process Statement's sensitivity list File: C:/Users/anway/OneDrive/Desktop/IITB_CPU-main/FSM.vhd Line: 57
Warning (10492): VHDL Process Statement warning at FSM.vhd(64): signal "c" is read inside the Process Statement but isn't in the Process Statement's sensitivity list File: C:/Users/anway/OneDrive/Desktop/IITB_CPU-main/FSM.vhd Line: 64
Warning (10631): VHDL Process Statement warning at FSM.vhd(31): inferring latch(es) for signal or variable "c", which holds its previous value in one or more paths through the process File: C:/Users/anway/OneDrive/Desktop/IITB_CPU-main/FSM.vhd Line: 31
Warning (10492): VHDL Process Statement warning at FSM.vhd(145): signal "c" is read inside the Process Statement but isn't in the Process Statement's sensitivity list File: C:/Users/anway/OneDrive/Desktop/IITB_CPU-main/FSM.vhd Line: 145
Info (10041): Inferred latch for "c[0]" at FSM.vhd(31) File: C:/Users/anway/OneDrive/Desktop/IITB_CPU-main/FSM.vhd Line: 31
Info (10041): Inferred latch for "c[1]" at FSM.vhd(31) File: C:/Users/anway/OneDrive/Desktop/IITB_CPU-main/FSM.vhd Line: 31
Info (10041): Inferred latch for "c[2]" at FSM.vhd(31) File: C:/Users/anway/OneDrive/Desktop/IITB_CPU-main/FSM.vhd Line: 31
Info (10041): Inferred latch for "c[3]" at FSM.vhd(31) File: C:/Users/anway/OneDrive/Desktop/IITB_CPU-main/FSM.vhd Line: 31
Info (10041): Inferred latch for "c[4]" at FSM.vhd(31) File: C:/Users/anway/OneDrive/Desktop/IITB_CPU-main/FSM.vhd Line: 31
Info (10041): Inferred latch for "c[5]" at FSM.vhd(31) File: C:/Users/anway/OneDrive/Desktop/IITB_CPU-main/FSM.vhd Line: 31
Info (10041): Inferred latch for "c[6]" at FSM.vhd(31) File: C:/Users/anway/OneDrive/Desktop/IITB_CPU-main/FSM.vhd Line: 31
Info (10041): Inferred latch for "c[7]" at FSM.vhd(31) File: C:/Users/anway/OneDrive/Desktop/IITB_CPU-main/FSM.vhd Line: 31
Info (10041): Inferred latch for "c[8]" at FSM.vhd(31) File: C:/Users/anway/OneDrive/Desktop/IITB_CPU-main/FSM.vhd Line: 31
Info (10041): Inferred latch for "c[9]" at FSM.vhd(31) File: C:/Users/anway/OneDrive/Desktop/IITB_CPU-main/FSM.vhd Line: 31
Info (10041): Inferred latch for "c[10]" at FSM.vhd(31) File: C:/Users/anway/OneDrive/Desktop/IITB_CPU-main/FSM.vhd Line: 31
Info (10041): Inferred latch for "c[11]" at FSM.vhd(31) File: C:/Users/anway/OneDrive/Desktop/IITB_CPU-main/FSM.vhd Line: 31
Info (10041): Inferred latch for "c[12]" at FSM.vhd(31) File: C:/Users/anway/OneDrive/Desktop/IITB_CPU-main/FSM.vhd Line: 31
Info (10041): Inferred latch for "c[13]" at FSM.vhd(31) File: C:/Users/anway/OneDrive/Desktop/IITB_CPU-main/FSM.vhd Line: 31
Info (10041): Inferred latch for "c[14]" at FSM.vhd(31) File: C:/Users/anway/OneDrive/Desktop/IITB_CPU-main/FSM.vhd Line: 31
Info (10041): Inferred latch for "c[15]" at FSM.vhd(31) File: C:/Users/anway/OneDrive/Desktop/IITB_CPU-main/FSM.vhd Line: 31
Info (10041): Inferred latch for "c[16]" at FSM.vhd(31) File: C:/Users/anway/OneDrive/Desktop/IITB_CPU-main/FSM.vhd Line: 31
Info (10041): Inferred latch for "c[17]" at FSM.vhd(31) File: C:/Users/anway/OneDrive/Desktop/IITB_CPU-main/FSM.vhd Line: 31
Info (10041): Inferred latch for "c[18]" at FSM.vhd(31) File: C:/Users/anway/OneDrive/Desktop/IITB_CPU-main/FSM.vhd Line: 31
Info (10041): Inferred latch for "c[19]" at FSM.vhd(31) File: C:/Users/anway/OneDrive/Desktop/IITB_CPU-main/FSM.vhd Line: 31
Info (10041): Inferred latch for "c[20]" at FSM.vhd(31) File: C:/Users/anway/OneDrive/Desktop/IITB_CPU-main/FSM.vhd Line: 31
Info (10041): Inferred latch for "c[21]" at FSM.vhd(31) File: C:/Users/anway/OneDrive/Desktop/IITB_CPU-main/FSM.vhd Line: 31
Info (10041): Inferred latch for "c[22]" at FSM.vhd(31) File: C:/Users/anway/OneDrive/Desktop/IITB_CPU-main/FSM.vhd Line: 31
Info (10041): Inferred latch for "c[23]" at FSM.vhd(31) File: C:/Users/anway/OneDrive/Desktop/IITB_CPU-main/FSM.vhd Line: 31
Info (10041): Inferred latch for "c[24]" at FSM.vhd(31) File: C:/Users/anway/OneDrive/Desktop/IITB_CPU-main/FSM.vhd Line: 31
Info (10041): Inferred latch for "c[25]" at FSM.vhd(31) File: C:/Users/anway/OneDrive/Desktop/IITB_CPU-main/FSM.vhd Line: 31
Info (10041): Inferred latch for "c[26]" at FSM.vhd(31) File: C:/Users/anway/OneDrive/Desktop/IITB_CPU-main/FSM.vhd Line: 31
Info (10041): Inferred latch for "c[27]" at FSM.vhd(31) File: C:/Users/anway/OneDrive/Desktop/IITB_CPU-main/FSM.vhd Line: 31
Info (10041): Inferred latch for "c[28]" at FSM.vhd(31) File: C:/Users/anway/OneDrive/Desktop/IITB_CPU-main/FSM.vhd Line: 31
Info (10041): Inferred latch for "c[29]" at FSM.vhd(31) File: C:/Users/anway/OneDrive/Desktop/IITB_CPU-main/FSM.vhd Line: 31
Info (10041): Inferred latch for "c[30]" at FSM.vhd(31) File: C:/Users/anway/OneDrive/Desktop/IITB_CPU-main/FSM.vhd Line: 31
Info (10041): Inferred latch for "c[31]" at FSM.vhd(31) File: C:/Users/anway/OneDrive/Desktop/IITB_CPU-main/FSM.vhd Line: 31
Info (12128): Elaborating entity "alu" for hierarchy "IITB_CPU:add_instance|alu:alu1" File: C:/Users/anway/OneDrive/Desktop/IITB_CPU-main/IITB_CPU.vhd Line: 290
Warning (10492): VHDL Process Statement warning at ALU.vhd(87): signal "temp_add" is read inside the Process Statement but isn't in the Process Statement's sensitivity list File: C:/Users/anway/OneDrive/Desktop/IITB_CPU-main/ALU.vhd Line: 87
Warning (10492): VHDL Process Statement warning at ALU.vhd(88): signal "temp_add" is read inside the Process Statement but isn't in the Process Statement's sensitivity list File: C:/Users/anway/OneDrive/Desktop/IITB_CPU-main/ALU.vhd Line: 88
Warning (10492): VHDL Process Statement warning at ALU.vhd(89): signal "tem" is read inside the Process Statement but isn't in the Process Statement's sensitivity list File: C:/Users/anway/OneDrive/Desktop/IITB_CPU-main/ALU.vhd Line: 89
Warning (10542): VHDL Variable Declaration warning at ALU.vhd(47): used initial value expression for variable "add_1" because variable was never assigned a value File: C:/Users/anway/OneDrive/Desktop/IITB_CPU-main/ALU.vhd Line: 47
Warning (10492): VHDL Process Statement warning at ALU.vhd(97): signal "tem" is read inside the Process Statement but isn't in the Process Statement's sensitivity list File: C:/Users/anway/OneDrive/Desktop/IITB_CPU-main/ALU.vhd Line: 97
Warning (10492): VHDL Process Statement warning at ALU.vhd(105): signal "tem" is read inside the Process Statement but isn't in the Process Statement's sensitivity list File: C:/Users/anway/OneDrive/Desktop/IITB_CPU-main/ALU.vhd Line: 105
Warning (10492): VHDL Process Statement warning at ALU.vhd(112): signal "tem" is read inside the Process Statement but isn't in the Process Statement's sensitivity list File: C:/Users/anway/OneDrive/Desktop/IITB_CPU-main/ALU.vhd Line: 112
Warning (10631): VHDL Process Statement warning at ALU.vhd(81): inferring latch(es) for signal or variable "tem", which holds its previous value in one or more paths through the process File: C:/Users/anway/OneDrive/Desktop/IITB_CPU-main/ALU.vhd Line: 81
Warning (10631): VHDL Process Statement warning at ALU.vhd(81): inferring latch(es) for signal or variable "carry_out", which holds its previous value in one or more paths through the process File: C:/Users/anway/OneDrive/Desktop/IITB_CPU-main/ALU.vhd Line: 81
Warning (10631): VHDL Process Statement warning at ALU.vhd(81): inferring latch(es) for signal or variable "zero_out", which holds its previous value in one or more paths through the process File: C:/Users/anway/OneDrive/Desktop/IITB_CPU-main/ALU.vhd Line: 81
Info (10041): Inferred latch for "zero_out" at ALU.vhd(81) File: C:/Users/anway/OneDrive/Desktop/IITB_CPU-main/ALU.vhd Line: 81
Info (10041): Inferred latch for "carry_out" at ALU.vhd(81) File: C:/Users/anway/OneDrive/Desktop/IITB_CPU-main/ALU.vhd Line: 81
Info (10041): Inferred latch for "tem[0]" at ALU.vhd(81) File: C:/Users/anway/OneDrive/Desktop/IITB_CPU-main/ALU.vhd Line: 81
Info (10041): Inferred latch for "tem[1]" at ALU.vhd(81) File: C:/Users/anway/OneDrive/Desktop/IITB_CPU-main/ALU.vhd Line: 81
Info (10041): Inferred latch for "tem[2]" at ALU.vhd(81) File: C:/Users/anway/OneDrive/Desktop/IITB_CPU-main/ALU.vhd Line: 81
Info (10041): Inferred latch for "tem[3]" at ALU.vhd(81) File: C:/Users/anway/OneDrive/Desktop/IITB_CPU-main/ALU.vhd Line: 81
Info (10041): Inferred latch for "tem[4]" at ALU.vhd(81) File: C:/Users/anway/OneDrive/Desktop/IITB_CPU-main/ALU.vhd Line: 81
Info (10041): Inferred latch for "tem[5]" at ALU.vhd(81) File: C:/Users/anway/OneDrive/Desktop/IITB_CPU-main/ALU.vhd Line: 81
Info (10041): Inferred latch for "tem[6]" at ALU.vhd(81) File: C:/Users/anway/OneDrive/Desktop/IITB_CPU-main/ALU.vhd Line: 81
Info (10041): Inferred latch for "tem[7]" at ALU.vhd(81) File: C:/Users/anway/OneDrive/Desktop/IITB_CPU-main/ALU.vhd Line: 81
Info (10041): Inferred latch for "tem[8]" at ALU.vhd(81) File: C:/Users/anway/OneDrive/Desktop/IITB_CPU-main/ALU.vhd Line: 81
Info (10041): Inferred latch for "tem[9]" at ALU.vhd(81) File: C:/Users/anway/OneDrive/Desktop/IITB_CPU-main/ALU.vhd Line: 81
Info (10041): Inferred latch for "tem[10]" at ALU.vhd(81) File: C:/Users/anway/OneDrive/Desktop/IITB_CPU-main/ALU.vhd Line: 81
Info (10041): Inferred latch for "tem[11]" at ALU.vhd(81) File: C:/Users/anway/OneDrive/Desktop/IITB_CPU-main/ALU.vhd Line: 81
Info (10041): Inferred latch for "tem[12]" at ALU.vhd(81) File: C:/Users/anway/OneDrive/Desktop/IITB_CPU-main/ALU.vhd Line: 81
Info (10041): Inferred latch for "tem[13]" at ALU.vhd(81) File: C:/Users/anway/OneDrive/Desktop/IITB_CPU-main/ALU.vhd Line: 81
Info (10041): Inferred latch for "tem[14]" at ALU.vhd(81) File: C:/Users/anway/OneDrive/Desktop/IITB_CPU-main/ALU.vhd Line: 81
Info (10041): Inferred latch for "tem[15]" at ALU.vhd(81) File: C:/Users/anway/OneDrive/Desktop/IITB_CPU-main/ALU.vhd Line: 81
Info (12128): Elaborating entity "mem" for hierarchy "IITB_CPU:add_instance|mem:mem1" File: C:/Users/anway/OneDrive/Desktop/IITB_CPU-main/IITB_CPU.vhd Line: 291
Warning (10492): VHDL Process Statement warning at Memory.vhd(39): signal "mem_wr" is read inside the Process Statement but isn't in the Process Statement's sensitivity list File: C:/Users/anway/OneDrive/Desktop/IITB_CPU-main/Memory.vhd Line: 39
Warning (10492): VHDL Process Statement warning at Memory.vhd(48): signal "memory" is read inside the Process Statement but isn't in the Process Statement's sensitivity list File: C:/Users/anway/OneDrive/Desktop/IITB_CPU-main/Memory.vhd Line: 48
Info (12128): Elaborating entity "registers" for hierarchy "IITB_CPU:add_instance|registers:reg1" File: C:/Users/anway/OneDrive/Desktop/IITB_CPU-main/IITB_CPU.vhd Line: 294
Warning (10492): VHDL Process Statement warning at RF.vhd(28): signal "regs" is read inside the Process Statement but isn't in the Process Statement's sensitivity list File: C:/Users/anway/OneDrive/Desktop/IITB_CPU-main/RF.vhd Line: 28
Warning (10492): VHDL Process Statement warning at RF.vhd(29): signal "regs" is read inside the Process Statement but isn't in the Process Statement's sensitivity list File: C:/Users/anway/OneDrive/Desktop/IITB_CPU-main/RF.vhd Line: 29
Warning (10492): VHDL Process Statement warning at RF.vhd(34): signal "rf_wr" is read inside the Process Statement but isn't in the Process Statement's sensitivity list File: C:/Users/anway/OneDrive/Desktop/IITB_CPU-main/RF.vhd Line: 34
Info (12128): Elaborating entity "SE6" for hierarchy "IITB_CPU:add_instance|SE6:se1" File: C:/Users/anway/OneDrive/Desktop/IITB_CPU-main/IITB_CPU.vhd Line: 296
Info (12128): Elaborating entity "SE9" for hierarchy "IITB_CPU:add_instance|SE9:se2" File: C:/Users/anway/OneDrive/Desktop/IITB_CPU-main/IITB_CPU.vhd Line: 297
Info (12128): Elaborating entity "RSE9" for hierarchy "IITB_CPU:add_instance|RSE9:se3" File: C:/Users/anway/OneDrive/Desktop/IITB_CPU-main/IITB_CPU.vhd Line: 298
Info (12128): Elaborating entity "CU" for hierarchy "IITB_CPU:add_instance|CU:cu1" File: C:/Users/anway/OneDrive/Desktop/IITB_CPU-main/IITB_CPU.vhd Line: 299
Info: Quartus Prime Analysis & Elaboration was successful. 0 errors, 32 warnings
    Info: Peak virtual memory: 4774 megabytes
    Info: Processing ended: Wed Nov 30 22:52:41 2022
    Info: Elapsed time: 00:00:12
    Info: Total CPU time (on all processors): 00:00:19


